The system is: Linux - 4.15.0-47-generic - x86_64
Compiling the C compiler identification source file "CMakeCCompilerId.c" succeeded.
Compiler: /usr/bin/cc 
Build flags: 
Id flags:  

The output was:
0


Compilation of the C compiler identification source "CMakeCCompilerId.c" produced "a.out"

The C compiler identification is GNU, found in "/home/davide/Scrivania/Ciber/Elaborato_2.1/Ros_pA/OpenIGTLink/build/CMakeFiles/3.10.2/CompilerIdC/a.out"

Compiling the CXX compiler identification source file "CMakeCXXCompilerId.cpp" succeeded.
Compiler: /usr/bin/c++ 
Build flags: 
Id flags:  

The output was:
0


Compilation of the CXX compiler identification source "CMakeCXXCompilerId.cpp" produced "a.out"

The CXX compiler identification is GNU, found in "/home/davide/Scrivania/Ciber/Elaborato_2.1/Ros_pA/OpenIGTLink/build/CMakeFiles/3.10.2/CompilerIdCXX/a.out"

Determining if the C compiler works passed with the following output:
Change Dir: /home/davide/Scrivania/Ciber/Elaborato_2.1/Ros_pA/OpenIGTLink/build/CMakeFiles/CMakeTmp

Run Build Command:"/usr/bin/make" "cmTC_0996f/fast"
/usr/bin/make -f CMakeFiles/cmTC_0996f.dir/build.make CMakeFiles/cmTC_0996f.dir/build
make[1]: ingresso nella directory "/home/davide/Scrivania/Ciber/Elaborato_2.1/Ros_pA/OpenIGTLink/build/CMakeFiles/CMakeTmp"
Building C object CMakeFiles/cmTC_0996f.dir/testCCompiler.c.o
/usr/bin/cc    -o CMakeFiles/cmTC_0996f.dir/testCCompiler.c.o   -c /home/davide/Scrivania/Ciber/Elaborato_2.1/Ros_pA/OpenIGTLink/build/CMakeFiles/CMakeTmp/testCCompiler.c
Linking C executable cmTC_0996f
/usr/bin/cmake -E cmake_link_script CMakeFiles/cmTC_0996f.dir/link.txt --verbose=1
/usr/bin/cc      -rdynamic CMakeFiles/cmTC_0996f.dir/testCCompiler.c.o  -o cmTC_0996f 
make[1]: uscita dalla directory "/home/davide/Scrivania/Ciber/Elaborato_2.1/Ros_pA/OpenIGTLink/build/CMakeFiles/CMakeTmp"


Detecting C compiler ABI info compiled with the following output:
Change Dir: /home/davide/Scrivania/Ciber/Elaborato_2.1/Ros_pA/OpenIGTLink/build/CMakeFiles/CMakeTmp

Run Build Command:"/usr/bin/make" "cmTC_d49f1/fast"
/usr/bin/make -f CMakeFiles/cmTC_d49f1.dir/build.make CMakeFiles/cmTC_d49f1.dir/build
make[1]: ingresso nella directory "/home/davide/Scrivania/Ciber/Elaborato_2.1/Ros_pA/OpenIGTLink/build/CMakeFiles/CMakeTmp"
Building C object CMakeFiles/cmTC_d49f1.dir/CMakeCCompilerABI.c.o
/usr/bin/cc    -o CMakeFiles/cmTC_d49f1.dir/CMakeCCompilerABI.c.o   -c /usr/share/cmake-3.10/Modules/CMakeCCompilerABI.c
Linking C executable cmTC_d49f1
/usr/bin/cmake -E cmake_link_script CMakeFiles/cmTC_d49f1.dir/link.txt --verbose=1
/usr/bin/cc     -v -rdynamic CMakeFiles/cmTC_d49f1.dir/CMakeCCompilerABI.c.o  -o cmTC_d49f1 
Using built-in specs.
COLLECT_GCC=/usr/bin/cc
COLLECT_LTO_WRAPPER=/usr/lib/gcc/x86_64-linux-gnu/7/lto-wrapper
OFFLOAD_TARGET_NAMES=nvptx-none
OFFLOAD_TARGET_DEFAULT=1
Target: x86_64-linux-gnu
Configured with: ../src/configure -v --with-pkgversion='Ubuntu 7.3.0-27ubuntu1~18.04' --with-bugurl=file:///usr/share/doc/gcc-7/README.Bugs --enable-languages=c,ada,c++,go,brig,d,fortran,objc,obj-c++ --prefix=/usr --with-gcc-major-version-only --program-suffix=-7 --program-prefix=x86_64-linux-gnu- --enable-shared --enable-linker-build-id --libexecdir=/usr/lib --without-included-gettext --enable-threads=posix --libdir=/usr/lib --enable-nls --with-sysroot=/ --enable-clocale=gnu --enable-libstdcxx-debug --enable-libstdcxx-time=yes --with-default-libstdcxx-abi=new --enable-gnu-unique-object --disable-vtable-verify --enable-libmpx --enable-plugin --enable-default-pie --with-system-zlib --with-target-system-zlib --enable-objc-gc=auto --enable-multiarch --disable-werror --with-arch-32=i686 --with-abi=m64 --with-multilib-list=m32,m64,mx32 --enable-multilib --with-tune=generic --enable-offload-targets=nvptx-none --without-cuda-driver --enable-checking=release --build=x86_64-linux-gnu --host=x86_64-linux-gnu --target=x86_64-linux-gnu
Thread model: posix
gcc version 7.3.0 (Ubuntu 7.3.0-27ubuntu1~18.04) 
COMPILER_PATH=/usr/lib/gcc/x86_64-linux-gnu/7/:/usr/lib/gcc/x86_64-linux-gnu/7/:/usr/lib/gcc/x86_64-linux-gnu/:/usr/lib/gcc/x86_64-linux-gnu/7/:/usr/lib/gcc/x86_64-linux-gnu/
LIBRARY_PATH=/usr/lib/gcc/x86_64-linux-gnu/7/:/usr/lib/gcc/x86_64-linux-gnu/7/../../../x86_64-linux-gnu/:/usr/lib/gcc/x86_64-linux-gnu/7/../../../../lib/:/lib/x86_64-linux-gnu/:/lib/../lib/:/usr/lib/x86_64-linux-gnu/:/usr/lib/../lib/:/usr/lib/gcc/x86_64-linux-gnu/7/../../../:/lib/:/usr/lib/
COLLECT_GCC_OPTIONS='-v' '-rdynamic' '-o' 'cmTC_d49f1' '-mtune=generic' '-march=x86-64'
 /usr/lib/gcc/x86_64-linux-gnu/7/collect2 -plugin /usr/lib/gcc/x86_64-linux-gnu/7/liblto_plugin.so -plugin-opt=/usr/lib/gcc/x86_64-linux-gnu/7/lto-wrapper -plugin-opt=-fresolution=/tmp/cc9bxDF4.res -plugin-opt=-pass-through=-lgcc -plugin-opt=-pass-through=-lgcc_s -plugin-opt=-pass-through=-lc -plugin-opt=-pass-through=-lgcc -plugin-opt=-pass-through=-lgcc_s --sysroot=/ --build-id --eh-frame-hdr -m elf_x86_64 --hash-style=gnu --as-needed -export-dynamic -dynamic-linker /lib64/ld-linux-x86-64.so.2 -pie -z now -z relro -o cmTC_d49f1 /usr/lib/gcc/x86_64-linux-gnu/7/../../../x86_64-linux-gnu/Scrt1.o /usr/lib/gcc/x86_64-linux-gnu/7/../../../x86_64-linux-gnu/crti.o /usr/lib/gcc/x86_64-linux-gnu/7/crtbeginS.o -L/usr/lib/gcc/x86_64-linux-gnu/7 -L/usr/lib/gcc/x86_64-linux-gnu/7/../../../x86_64-linux-gnu -L/usr/lib/gcc/x86_64-linux-gnu/7/../../../../lib -L/lib/x86_64-linux-gnu -L/lib/../lib -L/usr/lib/x86_64-linux-gnu -L/usr/lib/../lib -L/usr/lib/gcc/x86_64-linux-gnu/7/../../.. CMakeFiles/cmTC_d49f1.dir/CMakeCCompilerABI.c.o -lgcc --push-state --as-needed -lgcc_s --pop-state -lc -lgcc --push-state --as-needed -lgcc_s --pop-state /usr/lib/gcc/x86_64-linux-gnu/7/crtendS.o /usr/lib/gcc/x86_64-linux-gnu/7/../../../x86_64-linux-gnu/crtn.o
COLLECT_GCC_OPTIONS='-v' '-rdynamic' '-o' 'cmTC_d49f1' '-mtune=generic' '-march=x86-64'
make[1]: uscita dalla directory "/home/davide/Scrivania/Ciber/Elaborato_2.1/Ros_pA/OpenIGTLink/build/CMakeFiles/CMakeTmp"


Parsed C implicit link information from above output:
  link line regex: [^( *|.*[/\])(ld|CMAKE_LINK_STARTFILE-NOTFOUND|([^/\]+-)?ld|collect2)[^/\]*( |$)]
  ignore line: [Change Dir: /home/davide/Scrivania/Ciber/Elaborato_2.1/Ros_pA/OpenIGTLink/build/CMakeFiles/CMakeTmp]
  ignore line: []
  ignore line: [Run Build Command:"/usr/bin/make" "cmTC_d49f1/fast"]
  ignore line: [/usr/bin/make -f CMakeFiles/cmTC_d49f1.dir/build.make CMakeFiles/cmTC_d49f1.dir/build]
  ignore line: [make[1]: ingresso nella directory "/home/davide/Scrivania/Ciber/Elaborato_2.1/Ros_pA/OpenIGTLink/build/CMakeFiles/CMakeTmp"]
  ignore line: [Building C object CMakeFiles/cmTC_d49f1.dir/CMakeCCompilerABI.c.o]
  ignore line: [/usr/bin/cc    -o CMakeFiles/cmTC_d49f1.dir/CMakeCCompilerABI.c.o   -c /usr/share/cmake-3.10/Modules/CMakeCCompilerABI.c]
  ignore line: [Linking C executable cmTC_d49f1]
  ignore line: [/usr/bin/cmake -E cmake_link_script CMakeFiles/cmTC_d49f1.dir/link.txt --verbose=1]
  ignore line: [/usr/bin/cc     -v -rdynamic CMakeFiles/cmTC_d49f1.dir/CMakeCCompilerABI.c.o  -o cmTC_d49f1 ]
  ignore line: [Using built-in specs.]
  ignore line: [COLLECT_GCC=/usr/bin/cc]
  ignore line: [COLLECT_LTO_WRAPPER=/usr/lib/gcc/x86_64-linux-gnu/7/lto-wrapper]
  ignore line: [OFFLOAD_TARGET_NAMES=nvptx-none]
  ignore line: [OFFLOAD_TARGET_DEFAULT=1]
  ignore line: [Target: x86_64-linux-gnu]
  ignore line: [Configured with: ../src/configure -v --with-pkgversion='Ubuntu 7.3.0-27ubuntu1~18.04' --with-bugurl=file:///usr/share/doc/gcc-7/README.Bugs --enable-languages=c,ada,c++,go,brig,d,fortran,objc,obj-c++ --prefix=/usr --with-gcc-major-version-only --program-suffix=-7 --program-prefix=x86_64-linux-gnu- --enable-shared --enable-linker-build-id --libexecdir=/usr/lib --without-included-gettext --enable-threads=posix --libdir=/usr/lib --enable-nls --with-sysroot=/ --enable-clocale=gnu --enable-libstdcxx-debug --enable-libstdcxx-time=yes --with-default-libstdcxx-abi=new --enable-gnu-unique-object --disable-vtable-verify --enable-libmpx --enable-plugin --enable-default-pie --with-system-zlib --with-target-system-zlib --enable-objc-gc=auto --enable-multiarch --disable-werror --with-arch-32=i686 --with-abi=m64 --with-multilib-list=m32,m64,mx32 --enable-multilib --with-tune=generic --enable-offload-targets=nvptx-none --without-cuda-driver --enable-checking=release --build=x86_64-linux-gnu --host=x86_64-linux-gnu --target=x86_64-linux-gnu]
  ignore line: [Thread model: posix]
  ignore line: [gcc version 7.3.0 (Ubuntu 7.3.0-27ubuntu1~18.04) ]
  ignore line: [COMPILER_PATH=/usr/lib/gcc/x86_64-linux-gnu/7/:/usr/lib/gcc/x86_64-linux-gnu/7/:/usr/lib/gcc/x86_64-linux-gnu/:/usr/lib/gcc/x86_64-linux-gnu/7/:/usr/lib/gcc/x86_64-linux-gnu/]
  ignore line: [LIBRARY_PATH=/usr/lib/gcc/x86_64-linux-gnu/7/:/usr/lib/gcc/x86_64-linux-gnu/7/../../../x86_64-linux-gnu/:/usr/lib/gcc/x86_64-linux-gnu/7/../../../../lib/:/lib/x86_64-linux-gnu/:/lib/../lib/:/usr/lib/x86_64-linux-gnu/:/usr/lib/../lib/:/usr/lib/gcc/x86_64-linux-gnu/7/../../../:/lib/:/usr/lib/]
  ignore line: [COLLECT_GCC_OPTIONS='-v' '-rdynamic' '-o' 'cmTC_d49f1' '-mtune=generic' '-march=x86-64']
  link line: [ /usr/lib/gcc/x86_64-linux-gnu/7/collect2 -plugin /usr/lib/gcc/x86_64-linux-gnu/7/liblto_plugin.so -plugin-opt=/usr/lib/gcc/x86_64-linux-gnu/7/lto-wrapper -plugin-opt=-fresolution=/tmp/cc9bxDF4.res -plugin-opt=-pass-through=-lgcc -plugin-opt=-pass-through=-lgcc_s -plugin-opt=-pass-through=-lc -plugin-opt=-pass-through=-lgcc -plugin-opt=-pass-through=-lgcc_s --sysroot=/ --build-id --eh-frame-hdr -m elf_x86_64 --hash-style=gnu --as-needed -export-dynamic -dynamic-linker /lib64/ld-linux-x86-64.so.2 -pie -z now -z relro -o cmTC_d49f1 /usr/lib/gcc/x86_64-linux-gnu/7/../../../x86_64-linux-gnu/Scrt1.o /usr/lib/gcc/x86_64-linux-gnu/7/../../../x86_64-linux-gnu/crti.o /usr/lib/gcc/x86_64-linux-gnu/7/crtbeginS.o -L/usr/lib/gcc/x86_64-linux-gnu/7 -L/usr/lib/gcc/x86_64-linux-gnu/7/../../../x86_64-linux-gnu -L/usr/lib/gcc/x86_64-linux-gnu/7/../../../../lib -L/lib/x86_64-linux-gnu -L/lib/../lib -L/usr/lib/x86_64-linux-gnu -L/usr/lib/../lib -L/usr/lib/gcc/x86_64-linux-gnu/7/../../.. CMakeFiles/cmTC_d49f1.dir/CMakeCCompilerABI.c.o -lgcc --push-state --as-needed -lgcc_s --pop-state -lc -lgcc --push-state --as-needed -lgcc_s --pop-state /usr/lib/gcc/x86_64-linux-gnu/7/crtendS.o /usr/lib/gcc/x86_64-linux-gnu/7/../../../x86_64-linux-gnu/crtn.o]
    arg [/usr/lib/gcc/x86_64-linux-gnu/7/collect2] ==> ignore
    arg [-plugin] ==> ignore
    arg [/usr/lib/gcc/x86_64-linux-gnu/7/liblto_plugin.so] ==> ignore
    arg [-plugin-opt=/usr/lib/gcc/x86_64-linux-gnu/7/lto-wrapper] ==> ignore
    arg [-plugin-opt=-fresolution=/tmp/cc9bxDF4.res] ==> ignore
    arg [-plugin-opt=-pass-through=-lgcc] ==> ignore
    arg [-plugin-opt=-pass-through=-lgcc_s] ==> ignore
    arg [-plugin-opt=-pass-through=-lc] ==> ignore
    arg [-plugin-opt=-pass-through=-lgcc] ==> ignore
    arg [-plugin-opt=-pass-through=-lgcc_s] ==> ignore
    arg [--sysroot=/] ==> ignore
    arg [--build-id] ==> ignore
    arg [--eh-frame-hdr] ==> ignore
    arg [-m] ==> ignore
    arg [elf_x86_64] ==> ignore
    arg [--hash-style=gnu] ==> ignore
    arg [--as-needed] ==> ignore
    arg [-export-dynamic] ==> ignore
    arg [-dynamic-linker] ==> ignore
    arg [/lib64/ld-linux-x86-64.so.2] ==> ignore
    arg [-pie] ==> ignore
    arg [-znow] ==> ignore
    arg [-zrelro] ==> ignore
    arg [-o] ==> ignore
    arg [cmTC_d49f1] ==> ignore
    arg [/usr/lib/gcc/x86_64-linux-gnu/7/../../../x86_64-linux-gnu/Scrt1.o] ==> ignore
    arg [/usr/lib/gcc/x86_64-linux-gnu/7/../../../x86_64-linux-gnu/crti.o] ==> ignore
    arg [/usr/lib/gcc/x86_64-linux-gnu/7/crtbeginS.o] ==> ignore
    arg [-L/usr/lib/gcc/x86_64-linux-gnu/7] ==> dir [/usr/lib/gcc/x86_64-linux-gnu/7]
    arg [-L/usr/lib/gcc/x86_64-linux-gnu/7/../../../x86_64-linux-gnu] ==> dir [/usr/lib/gcc/x86_64-linux-gnu/7/../../../x86_64-linux-gnu]
    arg [-L/usr/lib/gcc/x86_64-linux-gnu/7/../../../../lib] ==> dir [/usr/lib/gcc/x86_64-linux-gnu/7/../../../../lib]
    arg [-L/lib/x86_64-linux-gnu] ==> dir [/lib/x86_64-linux-gnu]
    arg [-L/lib/../lib] ==> dir [/lib/../lib]
    arg [-L/usr/lib/x86_64-linux-gnu] ==> dir [/usr/lib/x86_64-linux-gnu]
    arg [-L/usr/lib/../lib] ==> dir [/usr/lib/../lib]
    arg [-L/usr/lib/gcc/x86_64-linux-gnu/7/../../..] ==> dir [/usr/lib/gcc/x86_64-linux-gnu/7/../../..]
    arg [CMakeFiles/cmTC_d49f1.dir/CMakeCCompilerABI.c.o] ==> ignore
    arg [-lgcc] ==> lib [gcc]
    arg [--push-state] ==> ignore
    arg [--as-needed] ==> ignore
    arg [-lgcc_s] ==> lib [gcc_s]
    arg [--pop-state] ==> ignore
    arg [-lc] ==> lib [c]
    arg [-lgcc] ==> lib [gcc]
    arg [--push-state] ==> ignore
    arg [--as-needed] ==> ignore
    arg [-lgcc_s] ==> lib [gcc_s]
    arg [--pop-state] ==> ignore
    arg [/usr/lib/gcc/x86_64-linux-gnu/7/crtendS.o] ==> ignore
    arg [/usr/lib/gcc/x86_64-linux-gnu/7/../../../x86_64-linux-gnu/crtn.o] ==> ignore
  collapse library dir [/usr/lib/gcc/x86_64-linux-gnu/7] ==> [/usr/lib/gcc/x86_64-linux-gnu/7]
  collapse library dir [/usr/lib/gcc/x86_64-linux-gnu/7/../../../x86_64-linux-gnu] ==> [/usr/lib/x86_64-linux-gnu]
  collapse library dir [/usr/lib/gcc/x86_64-linux-gnu/7/../../../../lib] ==> [/usr/lib]
  collapse library dir [/lib/x86_64-linux-gnu] ==> [/lib/x86_64-linux-gnu]
  collapse library dir [/lib/../lib] ==> [/lib]
  collapse library dir [/usr/lib/x86_64-linux-gnu] ==> [/usr/lib/x86_64-linux-gnu]
  collapse library dir [/usr/lib/../lib] ==> [/usr/lib]
  collapse library dir [/usr/lib/gcc/x86_64-linux-gnu/7/../../..] ==> [/usr/lib]
  implicit libs: [gcc;gcc_s;c;gcc;gcc_s]
  implicit dirs: [/usr/lib/gcc/x86_64-linux-gnu/7;/usr/lib/x86_64-linux-gnu;/usr/lib;/lib/x86_64-linux-gnu;/lib]
  implicit fwks: []




Detecting C [-std=c11] compiler features compiled with the following output:
Change Dir: /home/davide/Scrivania/Ciber/Elaborato_2.1/Ros_pA/OpenIGTLink/build/CMakeFiles/CMakeTmp

Run Build Command:"/usr/bin/make" "cmTC_e088a/fast"
/usr/bin/make -f CMakeFiles/cmTC_e088a.dir/build.make CMakeFiles/cmTC_e088a.dir/build
make[1]: ingresso nella directory "/home/davide/Scrivania/Ciber/Elaborato_2.1/Ros_pA/OpenIGTLink/build/CMakeFiles/CMakeTmp"
Building C object CMakeFiles/cmTC_e088a.dir/feature_tests.c.o
/usr/bin/cc   -std=c11 -o CMakeFiles/cmTC_e088a.dir/feature_tests.c.o   -c /home/davide/Scrivania/Ciber/Elaborato_2.1/Ros_pA/OpenIGTLink/build/CMakeFiles/feature_tests.c
Linking C executable cmTC_e088a
/usr/bin/cmake -E cmake_link_script CMakeFiles/cmTC_e088a.dir/link.txt --verbose=1
/usr/bin/cc      -rdynamic CMakeFiles/cmTC_e088a.dir/feature_tests.c.o  -o cmTC_e088a 
make[1]: uscita dalla directory "/home/davide/Scrivania/Ciber/Elaborato_2.1/Ros_pA/OpenIGTLink/build/CMakeFiles/CMakeTmp"


    Feature record: C_FEATURE:1c_function_prototypes
    Feature record: C_FEATURE:1c_restrict
    Feature record: C_FEATURE:1c_static_assert
    Feature record: C_FEATURE:1c_variadic_macros


Detecting C [-std=c99] compiler features compiled with the following output:
Change Dir: /home/davide/Scrivania/Ciber/Elaborato_2.1/Ros_pA/OpenIGTLink/build/CMakeFiles/CMakeTmp

Run Build Command:"/usr/bin/make" "cmTC_72505/fast"
/usr/bin/make -f CMakeFiles/cmTC_72505.dir/build.make CMakeFiles/cmTC_72505.dir/build
make[1]: ingresso nella directory "/home/davide/Scrivania/Ciber/Elaborato_2.1/Ros_pA/OpenIGTLink/build/CMakeFiles/CMakeTmp"
Building C object CMakeFiles/cmTC_72505.dir/feature_tests.c.o
/usr/bin/cc   -std=c99 -o CMakeFiles/cmTC_72505.dir/feature_tests.c.o   -c /home/davide/Scrivania/Ciber/Elaborato_2.1/Ros_pA/OpenIGTLink/build/CMakeFiles/feature_tests.c
Linking C executable cmTC_72505
/usr/bin/cmake -E cmake_link_script CMakeFiles/cmTC_72505.dir/link.txt --verbose=1
/usr/bin/cc      -rdynamic CMakeFiles/cmTC_72505.dir/feature_tests.c.o  -o cmTC_72505 
make[1]: uscita dalla directory "/home/davide/Scrivania/Ciber/Elaborato_2.1/Ros_pA/OpenIGTLink/build/CMakeFiles/CMakeTmp"


    Feature record: C_FEATURE:1c_function_prototypes
    Feature record: C_FEATURE:1c_restrict
    Feature record: C_FEATURE:0c_static_assert
    Feature record: C_FEATURE:1c_variadic_macros


Detecting C [-std=c90] compiler features compiled with the following output:
Change Dir: /home/davide/Scrivania/Ciber/Elaborato_2.1/Ros_pA/OpenIGTLink/build/CMakeFiles/CMakeTmp

Run Build Command:"/usr/bin/make" "cmTC_2af5e/fast"
/usr/bin/make -f CMakeFiles/cmTC_2af5e.dir/build.make CMakeFiles/cmTC_2af5e.dir/build
make[1]: ingresso nella directory "/home/davide/Scrivania/Ciber/Elaborato_2.1/Ros_pA/OpenIGTLink/build/CMakeFiles/CMakeTmp"
Building C object CMakeFiles/cmTC_2af5e.dir/feature_tests.c.o
/usr/bin/cc   -std=c90 -o CMakeFiles/cmTC_2af5e.dir/feature_tests.c.o   -c /home/davide/Scrivania/Ciber/Elaborato_2.1/Ros_pA/OpenIGTLink/build/CMakeFiles/feature_tests.c
Linking C executable cmTC_2af5e
/usr/bin/cmake -E cmake_link_script CMakeFiles/cmTC_2af5e.dir/link.txt --verbose=1
/usr/bin/cc      -rdynamic CMakeFiles/cmTC_2af5e.dir/feature_tests.c.o  -o cmTC_2af5e 
make[1]: uscita dalla directory "/home/davide/Scrivania/Ciber/Elaborato_2.1/Ros_pA/OpenIGTLink/build/CMakeFiles/CMakeTmp"


    Feature record: C_FEATURE:1c_function_prototypes
    Feature record: C_FEATURE:0c_restrict
    Feature record: C_FEATURE:0c_static_assert
    Feature record: C_FEATURE:0c_variadic_macros
Determining if the CXX compiler works passed with the following output:
Change Dir: /home/davide/Scrivania/Ciber/Elaborato_2.1/Ros_pA/OpenIGTLink/build/CMakeFiles/CMakeTmp

Run Build Command:"/usr/bin/make" "cmTC_677af/fast"
/usr/bin/make -f CMakeFiles/cmTC_677af.dir/build.make CMakeFiles/cmTC_677af.dir/build
make[1]: ingresso nella directory "/home/davide/Scrivania/Ciber/Elaborato_2.1/Ros_pA/OpenIGTLink/build/CMakeFiles/CMakeTmp"
Building CXX object CMakeFiles/cmTC_677af.dir/testCXXCompiler.cxx.o
/usr/bin/c++     -o CMakeFiles/cmTC_677af.dir/testCXXCompiler.cxx.o -c /home/davide/Scrivania/Ciber/Elaborato_2.1/Ros_pA/OpenIGTLink/build/CMakeFiles/CMakeTmp/testCXXCompiler.cxx
Linking CXX executable cmTC_677af
/usr/bin/cmake -E cmake_link_script CMakeFiles/cmTC_677af.dir/link.txt --verbose=1
/usr/bin/c++       -rdynamic CMakeFiles/cmTC_677af.dir/testCXXCompiler.cxx.o  -o cmTC_677af 
make[1]: uscita dalla directory "/home/davide/Scrivania/Ciber/Elaborato_2.1/Ros_pA/OpenIGTLink/build/CMakeFiles/CMakeTmp"


Detecting CXX compiler ABI info compiled with the following output:
Change Dir: /home/davide/Scrivania/Ciber/Elaborato_2.1/Ros_pA/OpenIGTLink/build/CMakeFiles/CMakeTmp

Run Build Command:"/usr/bin/make" "cmTC_da15a/fast"
/usr/bin/make -f CMakeFiles/cmTC_da15a.dir/build.make CMakeFiles/cmTC_da15a.dir/build
make[1]: ingresso nella directory "/home/davide/Scrivania/Ciber/Elaborato_2.1/Ros_pA/OpenIGTLink/build/CMakeFiles/CMakeTmp"
Building CXX object CMakeFiles/cmTC_da15a.dir/CMakeCXXCompilerABI.cpp.o
/usr/bin/c++     -o CMakeFiles/cmTC_da15a.dir/CMakeCXXCompilerABI.cpp.o -c /usr/share/cmake-3.10/Modules/CMakeCXXCompilerABI.cpp
Linking CXX executable cmTC_da15a
/usr/bin/cmake -E cmake_link_script CMakeFiles/cmTC_da15a.dir/link.txt --verbose=1
/usr/bin/c++      -v -rdynamic CMakeFiles/cmTC_da15a.dir/CMakeCXXCompilerABI.cpp.o  -o cmTC_da15a 
Using built-in specs.
COLLECT_GCC=/usr/bin/c++
COLLECT_LTO_WRAPPER=/usr/lib/gcc/x86_64-linux-gnu/7/lto-wrapper
OFFLOAD_TARGET_NAMES=nvptx-none
OFFLOAD_TARGET_DEFAULT=1
Target: x86_64-linux-gnu
Configured with: ../src/configure -v --with-pkgversion='Ubuntu 7.3.0-27ubuntu1~18.04' --with-bugurl=file:///usr/share/doc/gcc-7/README.Bugs --enable-languages=c,ada,c++,go,brig,d,fortran,objc,obj-c++ --prefix=/usr --with-gcc-major-version-only --program-suffix=-7 --program-prefix=x86_64-linux-gnu- --enable-shared --enable-linker-build-id --libexecdir=/usr/lib --without-included-gettext --enable-threads=posix --libdir=/usr/lib --enable-nls --with-sysroot=/ --enable-clocale=gnu --enable-libstdcxx-debug --enable-libstdcxx-time=yes --with-default-libstdcxx-abi=new --enable-gnu-unique-object --disable-vtable-verify --enable-libmpx --enable-plugin --enable-default-pie --with-system-zlib --with-target-system-zlib --enable-objc-gc=auto --enable-multiarch --disable-werror --with-arch-32=i686 --with-abi=m64 --with-multilib-list=m32,m64,mx32 --enable-multilib --with-tune=generic --enable-offload-targets=nvptx-none --without-cuda-driver --enable-checking=release --build=x86_64-linux-gnu --host=x86_64-linux-gnu --target=x86_64-linux-gnu
Thread model: posix
gcc version 7.3.0 (Ubuntu 7.3.0-27ubuntu1~18.04) 
COMPILER_PATH=/usr/lib/gcc/x86_64-linux-gnu/7/:/usr/lib/gcc/x86_64-linux-gnu/7/:/usr/lib/gcc/x86_64-linux-gnu/:/usr/lib/gcc/x86_64-linux-gnu/7/:/usr/lib/gcc/x86_64-linux-gnu/
LIBRARY_PATH=/usr/lib/gcc/x86_64-linux-gnu/7/:/usr/lib/gcc/x86_64-linux-gnu/7/../../../x86_64-linux-gnu/:/usr/lib/gcc/x86_64-linux-gnu/7/../../../../lib/:/lib/x86_64-linux-gnu/:/lib/../lib/:/usr/lib/x86_64-linux-gnu/:/usr/lib/../lib/:/usr/lib/gcc/x86_64-linux-gnu/7/../../../:/lib/:/usr/lib/
COLLECT_GCC_OPTIONS='-v' '-rdynamic' '-o' 'cmTC_da15a' '-shared-libgcc' '-mtune=generic' '-march=x86-64'
 /usr/lib/gcc/x86_64-linux-gnu/7/collect2 -plugin /usr/lib/gcc/x86_64-linux-gnu/7/liblto_plugin.so -plugin-opt=/usr/lib/gcc/x86_64-linux-gnu/7/lto-wrapper -plugin-opt=-fresolution=/tmp/cc6dR6jG.res -plugin-opt=-pass-through=-lgcc_s -plugin-opt=-pass-through=-lgcc -plugin-opt=-pass-through=-lc -plugin-opt=-pass-through=-lgcc_s -plugin-opt=-pass-through=-lgcc --sysroot=/ --build-id --eh-frame-hdr -m elf_x86_64 --hash-style=gnu --as-needed -export-dynamic -dynamic-linker /lib64/ld-linux-x86-64.so.2 -pie -z now -z relro -o cmTC_da15a /usr/lib/gcc/x86_64-linux-gnu/7/../../../x86_64-linux-gnu/Scrt1.o /usr/lib/gcc/x86_64-linux-gnu/7/../../../x86_64-linux-gnu/crti.o /usr/lib/gcc/x86_64-linux-gnu/7/crtbeginS.o -L/usr/lib/gcc/x86_64-linux-gnu/7 -L/usr/lib/gcc/x86_64-linux-gnu/7/../../../x86_64-linux-gnu -L/usr/lib/gcc/x86_64-linux-gnu/7/../../../../lib -L/lib/x86_64-linux-gnu -L/lib/../lib -L/usr/lib/x86_64-linux-gnu -L/usr/lib/../lib -L/usr/lib/gcc/x86_64-linux-gnu/7/../../.. CMakeFiles/cmTC_da15a.dir/CMakeCXXCompilerABI.cpp.o -lstdc++ -lm -lgcc_s -lgcc -lc -lgcc_s -lgcc /usr/lib/gcc/x86_64-linux-gnu/7/crtendS.o /usr/lib/gcc/x86_64-linux-gnu/7/../../../x86_64-linux-gnu/crtn.o
COLLECT_GCC_OPTIONS='-v' '-rdynamic' '-o' 'cmTC_da15a' '-shared-libgcc' '-mtune=generic' '-march=x86-64'
make[1]: uscita dalla directory "/home/davide/Scrivania/Ciber/Elaborato_2.1/Ros_pA/OpenIGTLink/build/CMakeFiles/CMakeTmp"


Parsed CXX implicit link information from above output:
  link line regex: [^( *|.*[/\])(ld|CMAKE_LINK_STARTFILE-NOTFOUND|([^/\]+-)?ld|collect2)[^/\]*( |$)]
  ignore line: [Change Dir: /home/davide/Scrivania/Ciber/Elaborato_2.1/Ros_pA/OpenIGTLink/build/CMakeFiles/CMakeTmp]
  ignore line: []
  ignore line: [Run Build Command:"/usr/bin/make" "cmTC_da15a/fast"]
  ignore line: [/usr/bin/make -f CMakeFiles/cmTC_da15a.dir/build.make CMakeFiles/cmTC_da15a.dir/build]
  ignore line: [make[1]: ingresso nella directory "/home/davide/Scrivania/Ciber/Elaborato_2.1/Ros_pA/OpenIGTLink/build/CMakeFiles/CMakeTmp"]
  ignore line: [Building CXX object CMakeFiles/cmTC_da15a.dir/CMakeCXXCompilerABI.cpp.o]
  ignore line: [/usr/bin/c++     -o CMakeFiles/cmTC_da15a.dir/CMakeCXXCompilerABI.cpp.o -c /usr/share/cmake-3.10/Modules/CMakeCXXCompilerABI.cpp]
  ignore line: [Linking CXX executable cmTC_da15a]
  ignore line: [/usr/bin/cmake -E cmake_link_script CMakeFiles/cmTC_da15a.dir/link.txt --verbose=1]
  ignore line: [/usr/bin/c++      -v -rdynamic CMakeFiles/cmTC_da15a.dir/CMakeCXXCompilerABI.cpp.o  -o cmTC_da15a ]
  ignore line: [Using built-in specs.]
  ignore line: [COLLECT_GCC=/usr/bin/c++]
  ignore line: [COLLECT_LTO_WRAPPER=/usr/lib/gcc/x86_64-linux-gnu/7/lto-wrapper]
  ignore line: [OFFLOAD_TARGET_NAMES=nvptx-none]
  ignore line: [OFFLOAD_TARGET_DEFAULT=1]
  ignore line: [Target: x86_64-linux-gnu]
  ignore line: [Configured with: ../src/configure -v --with-pkgversion='Ubuntu 7.3.0-27ubuntu1~18.04' --with-bugurl=file:///usr/share/doc/gcc-7/README.Bugs --enable-languages=c,ada,c++,go,brig,d,fortran,objc,obj-c++ --prefix=/usr --with-gcc-major-version-only --program-suffix=-7 --program-prefix=x86_64-linux-gnu- --enable-shared --enable-linker-build-id --libexecdir=/usr/lib --without-included-gettext --enable-threads=posix --libdir=/usr/lib --enable-nls --with-sysroot=/ --enable-clocale=gnu --enable-libstdcxx-debug --enable-libstdcxx-time=yes --with-default-libstdcxx-abi=new --enable-gnu-unique-object --disable-vtable-verify --enable-libmpx --enable-plugin --enable-default-pie --with-system-zlib --with-target-system-zlib --enable-objc-gc=auto --enable-multiarch --disable-werror --with-arch-32=i686 --with-abi=m64 --with-multilib-list=m32,m64,mx32 --enable-multilib --with-tune=generic --enable-offload-targets=nvptx-none --without-cuda-driver --enable-checking=release --build=x86_64-linux-gnu --host=x86_64-linux-gnu --target=x86_64-linux-gnu]
  ignore line: [Thread model: posix]
  ignore line: [gcc version 7.3.0 (Ubuntu 7.3.0-27ubuntu1~18.04) ]
  ignore line: [COMPILER_PATH=/usr/lib/gcc/x86_64-linux-gnu/7/:/usr/lib/gcc/x86_64-linux-gnu/7/:/usr/lib/gcc/x86_64-linux-gnu/:/usr/lib/gcc/x86_64-linux-gnu/7/:/usr/lib/gcc/x86_64-linux-gnu/]
  ignore line: [LIBRARY_PATH=/usr/lib/gcc/x86_64-linux-gnu/7/:/usr/lib/gcc/x86_64-linux-gnu/7/../../../x86_64-linux-gnu/:/usr/lib/gcc/x86_64-linux-gnu/7/../../../../lib/:/lib/x86_64-linux-gnu/:/lib/../lib/:/usr/lib/x86_64-linux-gnu/:/usr/lib/../lib/:/usr/lib/gcc/x86_64-linux-gnu/7/../../../:/lib/:/usr/lib/]
  ignore line: [COLLECT_GCC_OPTIONS='-v' '-rdynamic' '-o' 'cmTC_da15a' '-shared-libgcc' '-mtune=generic' '-march=x86-64']
  link line: [ /usr/lib/gcc/x86_64-linux-gnu/7/collect2 -plugin /usr/lib/gcc/x86_64-linux-gnu/7/liblto_plugin.so -plugin-opt=/usr/lib/gcc/x86_64-linux-gnu/7/lto-wrapper -plugin-opt=-fresolution=/tmp/cc6dR6jG.res -plugin-opt=-pass-through=-lgcc_s -plugin-opt=-pass-through=-lgcc -plugin-opt=-pass-through=-lc -plugin-opt=-pass-through=-lgcc_s -plugin-opt=-pass-through=-lgcc --sysroot=/ --build-id --eh-frame-hdr -m elf_x86_64 --hash-style=gnu --as-needed -export-dynamic -dynamic-linker /lib64/ld-linux-x86-64.so.2 -pie -z now -z relro -o cmTC_da15a /usr/lib/gcc/x86_64-linux-gnu/7/../../../x86_64-linux-gnu/Scrt1.o /usr/lib/gcc/x86_64-linux-gnu/7/../../../x86_64-linux-gnu/crti.o /usr/lib/gcc/x86_64-linux-gnu/7/crtbeginS.o -L/usr/lib/gcc/x86_64-linux-gnu/7 -L/usr/lib/gcc/x86_64-linux-gnu/7/../../../x86_64-linux-gnu -L/usr/lib/gcc/x86_64-linux-gnu/7/../../../../lib -L/lib/x86_64-linux-gnu -L/lib/../lib -L/usr/lib/x86_64-linux-gnu -L/usr/lib/../lib -L/usr/lib/gcc/x86_64-linux-gnu/7/../../.. CMakeFiles/cmTC_da15a.dir/CMakeCXXCompilerABI.cpp.o -lstdc++ -lm -lgcc_s -lgcc -lc -lgcc_s -lgcc /usr/lib/gcc/x86_64-linux-gnu/7/crtendS.o /usr/lib/gcc/x86_64-linux-gnu/7/../../../x86_64-linux-gnu/crtn.o]
    arg [/usr/lib/gcc/x86_64-linux-gnu/7/collect2] ==> ignore
    arg [-plugin] ==> ignore
    arg [/usr/lib/gcc/x86_64-linux-gnu/7/liblto_plugin.so] ==> ignore
    arg [-plugin-opt=/usr/lib/gcc/x86_64-linux-gnu/7/lto-wrapper] ==> ignore
    arg [-plugin-opt=-fresolution=/tmp/cc6dR6jG.res] ==> ignore
    arg [-plugin-opt=-pass-through=-lgcc_s] ==> ignore
    arg [-plugin-opt=-pass-through=-lgcc] ==> ignore
    arg [-plugin-opt=-pass-through=-lc] ==> ignore
    arg [-plugin-opt=-pass-through=-lgcc_s] ==> ignore
    arg [-plugin-opt=-pass-through=-lgcc] ==> ignore
    arg [--sysroot=/] ==> ignore
    arg [--build-id] ==> ignore
    arg [--eh-frame-hdr] ==> ignore
    arg [-m] ==> ignore
    arg [elf_x86_64] ==> ignore
    arg [--hash-style=gnu] ==> ignore
    arg [--as-needed] ==> ignore
    arg [-export-dynamic] ==> ignore
    arg [-dynamic-linker] ==> ignore
    arg [/lib64/ld-linux-x86-64.so.2] ==> ignore
    arg [-pie] ==> ignore
    arg [-znow] ==> ignore
    arg [-zrelro] ==> ignore
    arg [-o] ==> ignore
    arg [cmTC_da15a] ==> ignore
    arg [/usr/lib/gcc/x86_64-linux-gnu/7/../../../x86_64-linux-gnu/Scrt1.o] ==> ignore
    arg [/usr/lib/gcc/x86_64-linux-gnu/7/../../../x86_64-linux-gnu/crti.o] ==> ignore
    arg [/usr/lib/gcc/x86_64-linux-gnu/7/crtbeginS.o] ==> ignore
    arg [-L/usr/lib/gcc/x86_64-linux-gnu/7] ==> dir [/usr/lib/gcc/x86_64-linux-gnu/7]
    arg [-L/usr/lib/gcc/x86_64-linux-gnu/7/../../../x86_64-linux-gnu] ==> dir [/usr/lib/gcc/x86_64-linux-gnu/7/../../../x86_64-linux-gnu]
    arg [-L/usr/lib/gcc/x86_64-linux-gnu/7/../../../../lib] ==> dir [/usr/lib/gcc/x86_64-linux-gnu/7/../../../../lib]
    arg [-L/lib/x86_64-linux-gnu] ==> dir [/lib/x86_64-linux-gnu]
    arg [-L/lib/../lib] ==> dir [/lib/../lib]
    arg [-L/usr/lib/x86_64-linux-gnu] ==> dir [/usr/lib/x86_64-linux-gnu]
    arg [-L/usr/lib/../lib] ==> dir [/usr/lib/../lib]
    arg [-L/usr/lib/gcc/x86_64-linux-gnu/7/../../..] ==> dir [/usr/lib/gcc/x86_64-linux-gnu/7/../../..]
    arg [CMakeFiles/cmTC_da15a.dir/CMakeCXXCompilerABI.cpp.o] ==> ignore
    arg [-lstdc++] ==> lib [stdc++]
    arg [-lm] ==> lib [m]
    arg [-lgcc_s] ==> lib [gcc_s]
    arg [-lgcc] ==> lib [gcc]
    arg [-lc] ==> lib [c]
    arg [-lgcc_s] ==> lib [gcc_s]
    arg [-lgcc] ==> lib [gcc]
    arg [/usr/lib/gcc/x86_64-linux-gnu/7/crtendS.o] ==> ignore
    arg [/usr/lib/gcc/x86_64-linux-gnu/7/../../../x86_64-linux-gnu/crtn.o] ==> ignore
  collapse library dir [/usr/lib/gcc/x86_64-linux-gnu/7] ==> [/usr/lib/gcc/x86_64-linux-gnu/7]
  collapse library dir [/usr/lib/gcc/x86_64-linux-gnu/7/../../../x86_64-linux-gnu] ==> [/usr/lib/x86_64-linux-gnu]
  collapse library dir [/usr/lib/gcc/x86_64-linux-gnu/7/../../../../lib] ==> [/usr/lib]
  collapse library dir [/lib/x86_64-linux-gnu] ==> [/lib/x86_64-linux-gnu]
  collapse library dir [/lib/../lib] ==> [/lib]
  collapse library dir [/usr/lib/x86_64-linux-gnu] ==> [/usr/lib/x86_64-linux-gnu]
  collapse library dir [/usr/lib/../lib] ==> [/usr/lib]
  collapse library dir [/usr/lib/gcc/x86_64-linux-gnu/7/../../..] ==> [/usr/lib]
  implicit libs: [stdc++;m;gcc_s;gcc;c;gcc_s;gcc]
  implicit dirs: [/usr/lib/gcc/x86_64-linux-gnu/7;/usr/lib/x86_64-linux-gnu;/usr/lib;/lib/x86_64-linux-gnu;/lib]
  implicit fwks: []




Detecting CXX [-std=c++1z] compiler features compiled with the following output:
Change Dir: /home/davide/Scrivania/Ciber/Elaborato_2.1/Ros_pA/OpenIGTLink/build/CMakeFiles/CMakeTmp

Run Build Command:"/usr/bin/make" "cmTC_c7b83/fast"
/usr/bin/make -f CMakeFiles/cmTC_c7b83.dir/build.make CMakeFiles/cmTC_c7b83.dir/build
make[1]: ingresso nella directory "/home/davide/Scrivania/Ciber/Elaborato_2.1/Ros_pA/OpenIGTLink/build/CMakeFiles/CMakeTmp"
Building CXX object CMakeFiles/cmTC_c7b83.dir/feature_tests.cxx.o
/usr/bin/c++    -std=c++1z -o CMakeFiles/cmTC_c7b83.dir/feature_tests.cxx.o -c /home/davide/Scrivania/Ciber/Elaborato_2.1/Ros_pA/OpenIGTLink/build/CMakeFiles/feature_tests.cxx
Linking CXX executable cmTC_c7b83
/usr/bin/cmake -E cmake_link_script CMakeFiles/cmTC_c7b83.dir/link.txt --verbose=1
/usr/bin/c++       -rdynamic CMakeFiles/cmTC_c7b83.dir/feature_tests.cxx.o  -o cmTC_c7b83 
make[1]: uscita dalla directory "/home/davide/Scrivania/Ciber/Elaborato_2.1/Ros_pA/OpenIGTLink/build/CMakeFiles/CMakeTmp"


    Feature record: CXX_FEATURE:1cxx_aggregate_default_initializers
    Feature record: CXX_FEATURE:1cxx_alias_templates
    Feature record: CXX_FEATURE:1cxx_alignas
    Feature record: CXX_FEATURE:1cxx_alignof
    Feature record: CXX_FEATURE:1cxx_attributes
    Feature record: CXX_FEATURE:1cxx_attribute_deprecated
    Feature record: CXX_FEATURE:1cxx_auto_type
    Feature record: CXX_FEATURE:1cxx_binary_literals
    Feature record: CXX_FEATURE:1cxx_constexpr
    Feature record: CXX_FEATURE:1cxx_contextual_conversions
    Feature record: CXX_FEATURE:1cxx_decltype
    Feature record: CXX_FEATURE:1cxx_decltype_auto
    Feature record: CXX_FEATURE:1cxx_decltype_incomplete_return_types
    Feature record: CXX_FEATURE:1cxx_default_function_template_args
    Feature record: CXX_FEATURE:1cxx_defaulted_functions
    Feature record: CXX_FEATURE:1cxx_defaulted_move_initializers
    Feature record: CXX_FEATURE:1cxx_delegating_constructors
    Feature record: CXX_FEATURE:1cxx_deleted_functions
    Feature record: CXX_FEATURE:1cxx_digit_separators
    Feature record: CXX_FEATURE:1cxx_enum_forward_declarations
    Feature record: CXX_FEATURE:1cxx_explicit_conversions
    Feature record: CXX_FEATURE:1cxx_extended_friend_declarations
    Feature record: CXX_FEATURE:1cxx_extern_templates
    Feature record: CXX_FEATURE:1cxx_final
    Feature record: CXX_FEATURE:1cxx_func_identifier
    Feature record: CXX_FEATURE:1cxx_generalized_initializers
    Feature record: CXX_FEATURE:1cxx_generic_lambdas
    Feature record: CXX_FEATURE:1cxx_inheriting_constructors
    Feature record: CXX_FEATURE:1cxx_inline_namespaces
    Feature record: CXX_FEATURE:1cxx_lambdas
    Feature record: CXX_FEATURE:1cxx_lambda_init_captures
    Feature record: CXX_FEATURE:1cxx_local_type_template_args
    Feature record: CXX_FEATURE:1cxx_long_long_type
    Feature record: CXX_FEATURE:1cxx_noexcept
    Feature record: CXX_FEATURE:1cxx_nonstatic_member_init
    Feature record: CXX_FEATURE:1cxx_nullptr
    Feature record: CXX_FEATURE:1cxx_override
    Feature record: CXX_FEATURE:1cxx_range_for
    Feature record: CXX_FEATURE:1cxx_raw_string_literals
    Feature record: CXX_FEATURE:1cxx_reference_qualified_functions
    Feature record: CXX_FEATURE:1cxx_relaxed_constexpr
    Feature record: CXX_FEATURE:1cxx_return_type_deduction
    Feature record: CXX_FEATURE:1cxx_right_angle_brackets
    Feature record: CXX_FEATURE:1cxx_rvalue_references
    Feature record: CXX_FEATURE:1cxx_sizeof_member
    Feature record: CXX_FEATURE:1cxx_static_assert
    Feature record: CXX_FEATURE:1cxx_strong_enums
    Feature record: CXX_FEATURE:1cxx_template_template_parameters
    Feature record: CXX_FEATURE:1cxx_thread_local
    Feature record: CXX_FEATURE:1cxx_trailing_return_types
    Feature record: CXX_FEATURE:1cxx_unicode_literals
    Feature record: CXX_FEATURE:1cxx_uniform_initialization
    Feature record: CXX_FEATURE:1cxx_unrestricted_unions
    Feature record: CXX_FEATURE:1cxx_user_literals
    Feature record: CXX_FEATURE:1cxx_variable_templates
    Feature record: CXX_FEATURE:1cxx_variadic_macros
    Feature record: CXX_FEATURE:1cxx_variadic_templates


Detecting CXX [-std=c++14] compiler features compiled with the following output:
Change Dir: /home/davide/Scrivania/Ciber/Elaborato_2.1/Ros_pA/OpenIGTLink/build/CMakeFiles/CMakeTmp

Run Build Command:"/usr/bin/make" "cmTC_e245c/fast"
/usr/bin/make -f CMakeFiles/cmTC_e245c.dir/build.make CMakeFiles/cmTC_e245c.dir/build
make[1]: ingresso nella directory "/home/davide/Scrivania/Ciber/Elaborato_2.1/Ros_pA/OpenIGTLink/build/CMakeFiles/CMakeTmp"
Building CXX object CMakeFiles/cmTC_e245c.dir/feature_tests.cxx.o
/usr/bin/c++    -std=c++14 -o CMakeFiles/cmTC_e245c.dir/feature_tests.cxx.o -c /home/davide/Scrivania/Ciber/Elaborato_2.1/Ros_pA/OpenIGTLink/build/CMakeFiles/feature_tests.cxx
Linking CXX executable cmTC_e245c
/usr/bin/cmake -E cmake_link_script CMakeFiles/cmTC_e245c.dir/link.txt --verbose=1
/usr/bin/c++       -rdynamic CMakeFiles/cmTC_e245c.dir/feature_tests.cxx.o  -o cmTC_e245c 
make[1]: uscita dalla directory "/home/davide/Scrivania/Ciber/Elaborato_2.1/Ros_pA/OpenIGTLink/build/CMakeFiles/CMakeTmp"


    Feature record: CXX_FEATURE:1cxx_aggregate_default_initializers
    Feature record: CXX_FEATURE:1cxx_alias_templates
    Feature record: CXX_FEATURE:1cxx_alignas
    Feature record: CXX_FEATURE:1cxx_alignof
    Feature record: CXX_FEATURE:1cxx_attributes
    Feature record: CXX_FEATURE:1cxx_attribute_deprecated
    Feature record: CXX_FEATURE:1cxx_auto_type
    Feature record: CXX_FEATURE:1cxx_binary_literals
    Feature record: CXX_FEATURE:1cxx_constexpr
    Feature record: CXX_FEATURE:1cxx_contextual_conversions
    Feature record: CXX_FEATURE:1cxx_decltype
    Feature record: CXX_FEATURE:1cxx_decltype_auto
    Feature record: CXX_FEATURE:1cxx_decltype_incomplete_return_types
    Feature record: CXX_FEATURE:1cxx_default_function_template_args
    Feature record: CXX_FEATURE:1cxx_defaulted_functions
    Feature record: CXX_FEATURE:1cxx_defaulted_move_initializers
    Feature record: CXX_FEATURE:1cxx_delegating_constructors
    Feature record: CXX_FEATURE:1cxx_deleted_functions
    Feature record: CXX_FEATURE:1cxx_digit_separators
    Feature record: CXX_FEATURE:1cxx_enum_forward_declarations
    Feature record: CXX_FEATURE:1cxx_explicit_conversions
    Feature record: CXX_FEATURE:1cxx_extended_friend_declarations
    Feature record: CXX_FEATURE:1cxx_extern_templates
    Feature record: CXX_FEATURE:1cxx_final
    Feature record: CXX_FEATURE:1cxx_func_identifier
    Feature record: CXX_FEATURE:1cxx_generalized_initializers
    Feature record: CXX_FEATURE:1cxx_generic_lambdas
    Feature record: CXX_FEATURE:1cxx_inheriting_constructors
    Feature record: CXX_FEATURE:1cxx_inline_namespaces
    Feature record: CXX_FEATURE:1cxx_lambdas
    Feature record: CXX_FEATURE:1cxx_lambda_init_captures
    Feature record: CXX_FEATURE:1cxx_local_type_template_args
    Feature record: CXX_FEATURE:1cxx_long_long_type
    Feature record: CXX_FEATURE:1cxx_noexcept
    Feature record: CXX_FEATURE:1cxx_nonstatic_member_init
    Feature record: CXX_FEATURE:1cxx_nullptr
    Feature record: CXX_FEATURE:1cxx_override
    Feature record: CXX_FEATURE:1cxx_range_for
    Feature record: CXX_FEATURE:1cxx_raw_string_literals
    Feature record: CXX_FEATURE:1cxx_reference_qualified_functions
    Feature record: CXX_FEATURE:1cxx_relaxed_constexpr
    Feature record: CXX_FEATURE:1cxx_return_type_deduction
    Feature record: CXX_FEATURE:1cxx_right_angle_brackets
    Feature record: CXX_FEATURE:1cxx_rvalue_references
    Feature record: CXX_FEATURE:1cxx_sizeof_member
    Feature record: CXX_FEATURE:1cxx_static_assert
    Feature record: CXX_FEATURE:1cxx_strong_enums
    Feature record: CXX_FEATURE:1cxx_template_template_parameters
    Feature record: CXX_FEATURE:1cxx_thread_local
    Feature record: CXX_FEATURE:1cxx_trailing_return_types
    Feature record: CXX_FEATURE:1cxx_unicode_literals
    Feature record: CXX_FEATURE:1cxx_uniform_initialization
    Feature record: CXX_FEATURE:1cxx_unrestricted_unions
    Feature record: CXX_FEATURE:1cxx_user_literals
    Feature record: CXX_FEATURE:1cxx_variable_templates
    Feature record: CXX_FEATURE:1cxx_variadic_macros
    Feature record: CXX_FEATURE:1cxx_variadic_templates


Detecting CXX [-std=c++11] compiler features compiled with the following output:
Change Dir: /home/davide/Scrivania/Ciber/Elaborato_2.1/Ros_pA/OpenIGTLink/build/CMakeFiles/CMakeTmp

Run Build Command:"/usr/bin/make" "cmTC_f37ef/fast"
/usr/bin/make -f CMakeFiles/cmTC_f37ef.dir/build.make CMakeFiles/cmTC_f37ef.dir/build
make[1]: ingresso nella directory "/home/davide/Scrivania/Ciber/Elaborato_2.1/Ros_pA/OpenIGTLink/build/CMakeFiles/CMakeTmp"
Building CXX object CMakeFiles/cmTC_f37ef.dir/feature_tests.cxx.o
/usr/bin/c++    -std=c++11 -o CMakeFiles/cmTC_f37ef.dir/feature_tests.cxx.o -c /home/davide/Scrivania/Ciber/Elaborato_2.1/Ros_pA/OpenIGTLink/build/CMakeFiles/feature_tests.cxx
Linking CXX executable cmTC_f37ef
/usr/bin/cmake -E cmake_link_script CMakeFiles/cmTC_f37ef.dir/link.txt --verbose=1
/usr/bin/c++       -rdynamic CMakeFiles/cmTC_f37ef.dir/feature_tests.cxx.o  -o cmTC_f37ef 
make[1]: uscita dalla directory "/home/davide/Scrivania/Ciber/Elaborato_2.1/Ros_pA/OpenIGTLink/build/CMakeFiles/CMakeTmp"


    Feature record: CXX_FEATURE:0cxx_aggregate_default_initializers
    Feature record: CXX_FEATURE:1cxx_alias_templates
    Feature record: CXX_FEATURE:1cxx_alignas
    Feature record: CXX_FEATURE:1cxx_alignof
    Feature record: CXX_FEATURE:1cxx_attributes
    Feature record: CXX_FEATURE:0cxx_attribute_deprecated
    Feature record: CXX_FEATURE:1cxx_auto_type
    Feature record: CXX_FEATURE:0cxx_binary_literals
    Feature record: CXX_FEATURE:1cxx_constexpr
    Feature record: CXX_FEATURE:0cxx_contextual_conversions
    Feature record: CXX_FEATURE:1cxx_decltype
    Feature record: CXX_FEATURE:0cxx_decltype_auto
    Feature record: CXX_FEATURE:1cxx_decltype_incomplete_return_types
    Feature record: CXX_FEATURE:1cxx_default_function_template_args
    Feature record: CXX_FEATURE:1cxx_defaulted_functions
    Feature record: CXX_FEATURE:1cxx_defaulted_move_initializers
    Feature record: CXX_FEATURE:1cxx_delegating_constructors
    Feature record: CXX_FEATURE:1cxx_deleted_functions
    Feature record: CXX_FEATURE:0cxx_digit_separators
    Feature record: CXX_FEATURE:1cxx_enum_forward_declarations
    Feature record: CXX_FEATURE:1cxx_explicit_conversions
    Feature record: CXX_FEATURE:1cxx_extended_friend_declarations
    Feature record: CXX_FEATURE:1cxx_extern_templates
    Feature record: CXX_FEATURE:1cxx_final
    Feature record: CXX_FEATURE:1cxx_func_identifier
    Feature record: CXX_FEATURE:1cxx_generalized_initializers
    Feature record: CXX_FEATURE:0cxx_generic_lambdas
    Feature record: CXX_FEATURE:1cxx_inheriting_constructors
    Feature record: CXX_FEATURE:1cxx_inline_namespaces
    Feature record: CXX_FEATURE:1cxx_lambdas
    Feature record: CXX_FEATURE:0cxx_lambda_init_captures
    Feature record: CXX_FEATURE:1cxx_local_type_template_args
    Feature record: CXX_FEATURE:1cxx_long_long_type
    Feature record: CXX_FEATURE:1cxx_noexcept
    Feature record: CXX_FEATURE:1cxx_nonstatic_member_init
    Feature record: CXX_FEATURE:1cxx_nullptr
    Feature record: CXX_FEATURE:1cxx_override
    Feature record: CXX_FEATURE:1cxx_range_for
    Feature record: CXX_FEATURE:1cxx_raw_string_literals
    Feature record: CXX_FEATURE:1cxx_reference_qualified_functions
    Feature record: CXX_FEATURE:0cxx_relaxed_constexpr
    Feature record: CXX_FEATURE:0cxx_return_type_deduction
    Feature record: CXX_FEATURE:1cxx_right_angle_brackets
    Feature record: CXX_FEATURE:1cxx_rvalue_references
    Feature record: CXX_FEATURE:1cxx_sizeof_member
    Feature record: CXX_FEATURE:1cxx_static_assert
    Feature record: CXX_FEATURE:1cxx_strong_enums
    Feature record: CXX_FEATURE:1cxx_template_template_parameters
    Feature record: CXX_FEATURE:1cxx_thread_local
    Feature record: CXX_FEATURE:1cxx_trailing_return_types
    Feature record: CXX_FEATURE:1cxx_unicode_literals
    Feature record: CXX_FEATURE:1cxx_uniform_initialization
    Feature record: CXX_FEATURE:1cxx_unrestricted_unions
    Feature record: CXX_FEATURE:1cxx_user_literals
    Feature record: CXX_FEATURE:0cxx_variable_templates
    Feature record: CXX_FEATURE:1cxx_variadic_macros
    Feature record: CXX_FEATURE:1cxx_variadic_templates


Detecting CXX [-std=c++98] compiler features compiled with the following output:
Change Dir: /home/davide/Scrivania/Ciber/Elaborato_2.1/Ros_pA/OpenIGTLink/build/CMakeFiles/CMakeTmp

Run Build Command:"/usr/bin/make" "cmTC_d0a39/fast"
/usr/bin/make -f CMakeFiles/cmTC_d0a39.dir/build.make CMakeFiles/cmTC_d0a39.dir/build
make[1]: ingresso nella directory "/home/davide/Scrivania/Ciber/Elaborato_2.1/Ros_pA/OpenIGTLink/build/CMakeFiles/CMakeTmp"
Building CXX object CMakeFiles/cmTC_d0a39.dir/feature_tests.cxx.o
/usr/bin/c++    -std=c++98 -o CMakeFiles/cmTC_d0a39.dir/feature_tests.cxx.o -c /home/davide/Scrivania/Ciber/Elaborato_2.1/Ros_pA/OpenIGTLink/build/CMakeFiles/feature_tests.cxx
Linking CXX executable cmTC_d0a39
/usr/bin/cmake -E cmake_link_script CMakeFiles/cmTC_d0a39.dir/link.txt --verbose=1
/usr/bin/c++       -rdynamic CMakeFiles/cmTC_d0a39.dir/feature_tests.cxx.o  -o cmTC_d0a39 
make[1]: uscita dalla directory "/home/davide/Scrivania/Ciber/Elaborato_2.1/Ros_pA/OpenIGTLink/build/CMakeFiles/CMakeTmp"


    Feature record: CXX_FEATURE:0cxx_aggregate_default_initializers
    Feature record: CXX_FEATURE:0cxx_alias_templates
    Feature record: CXX_FEATURE:0cxx_alignas
    Feature record: CXX_FEATURE:0cxx_alignof
    Feature record: CXX_FEATURE:0cxx_attributes
    Feature record: CXX_FEATURE:0cxx_attribute_deprecated
    Feature record: CXX_FEATURE:0cxx_auto_type
    Feature record: CXX_FEATURE:0cxx_binary_literals
    Feature record: CXX_FEATURE:0cxx_constexpr
    Feature record: CXX_FEATURE:0cxx_contextual_conversions
    Feature record: CXX_FEATURE:0cxx_decltype
    Feature record: CXX_FEATURE:0cxx_decltype_auto
    Feature record: CXX_FEATURE:0cxx_decltype_incomplete_return_types
    Feature record: CXX_FEATURE:0cxx_default_function_template_args
    Feature record: CXX_FEATURE:0cxx_defaulted_functions
    Feature record: CXX_FEATURE:0cxx_defaulted_move_initializers
    Feature record: CXX_FEATURE:0cxx_delegating_constructors
    Feature record: CXX_FEATURE:0cxx_deleted_functions
    Feature record: CXX_FEATURE:0cxx_digit_separators
    Feature record: CXX_FEATURE:0cxx_enum_forward_declarations
    Feature record: CXX_FEATURE:0cxx_explicit_conversions
    Feature record: CXX_FEATURE:0cxx_extended_friend_declarations
    Feature record: CXX_FEATURE:0cxx_extern_templates
    Feature record: CXX_FEATURE:0cxx_final
    Feature record: CXX_FEATURE:0cxx_func_identifier
    Feature record: CXX_FEATURE:0cxx_generalized_initializers
    Feature record: CXX_FEATURE:0cxx_generic_lambdas
    Feature record: CXX_FEATURE:0cxx_inheriting_constructors
    Feature record: CXX_FEATURE:0cxx_inline_namespaces
    Feature record: CXX_FEATURE:0cxx_lambdas
    Feature record: CXX_FEATURE:0cxx_lambda_init_captures
    Feature record: CXX_FEATURE:0cxx_local_type_template_args
    Feature record: CXX_FEATURE:0cxx_long_long_type
    Feature record: CXX_FEATURE:0cxx_noexcept
    Feature record: CXX_FEATURE:0cxx_nonstatic_member_init
    Feature record: CXX_FEATURE:0cxx_nullptr
    Feature record: CXX_FEATURE:0cxx_override
    Feature record: CXX_FEATURE:0cxx_range_for
    Feature record: CXX_FEATURE:0cxx_raw_string_literals
    Feature record: CXX_FEATURE:0cxx_reference_qualified_functions
    Feature record: CXX_FEATURE:0cxx_relaxed_constexpr
    Feature record: CXX_FEATURE:0cxx_return_type_deduction
    Feature record: CXX_FEATURE:0cxx_right_angle_brackets
    Feature record: CXX_FEATURE:0cxx_rvalue_references
    Feature record: CXX_FEATURE:0cxx_sizeof_member
    Feature record: CXX_FEATURE:0cxx_static_assert
    Feature record: CXX_FEATURE:0cxx_strong_enums
    Feature record: CXX_FEATURE:1cxx_template_template_parameters
    Feature record: CXX_FEATURE:0cxx_thread_local
    Feature record: CXX_FEATURE:0cxx_trailing_return_types
    Feature record: CXX_FEATURE:0cxx_unicode_literals
    Feature record: CXX_FEATURE:0cxx_uniform_initialization
    Feature record: CXX_FEATURE:0cxx_unrestricted_unions
    Feature record: CXX_FEATURE:0cxx_user_literals
    Feature record: CXX_FEATURE:0cxx_variable_templates
    Feature record: CXX_FEATURE:0cxx_variadic_macros
    Feature record: CXX_FEATURE:0cxx_variadic_templates
Determining if the include file pthread.h exists passed with the following output:
Change Dir: /home/davide/Scrivania/Ciber/Elaborato_2.1/Ros_pA/OpenIGTLink/build/CMakeFiles/CMakeTmp

Run Build Command:"/usr/bin/make" "cmTC_75afc/fast"
/usr/bin/make -f CMakeFiles/cmTC_75afc.dir/build.make CMakeFiles/cmTC_75afc.dir/build
make[1]: ingresso nella directory "/home/davide/Scrivania/Ciber/Elaborato_2.1/Ros_pA/OpenIGTLink/build/CMakeFiles/CMakeTmp"
Building C object CMakeFiles/cmTC_75afc.dir/CheckIncludeFile.c.o
/usr/bin/cc    -o CMakeFiles/cmTC_75afc.dir/CheckIncludeFile.c.o   -c /home/davide/Scrivania/Ciber/Elaborato_2.1/Ros_pA/OpenIGTLink/build/CMakeFiles/CMakeTmp/CheckIncludeFile.c
Linking C executable cmTC_75afc
/usr/bin/cmake -E cmake_link_script CMakeFiles/cmTC_75afc.dir/link.txt --verbose=1
/usr/bin/cc      -rdynamic CMakeFiles/cmTC_75afc.dir/CheckIncludeFile.c.o  -o cmTC_75afc 
make[1]: uscita dalla directory "/home/davide/Scrivania/Ciber/Elaborato_2.1/Ros_pA/OpenIGTLink/build/CMakeFiles/CMakeTmp"


Determining if the function pthread_create exists in the pthread passed with the following output:
Change Dir: /home/davide/Scrivania/Ciber/Elaborato_2.1/Ros_pA/OpenIGTLink/build/CMakeFiles/CMakeTmp

Run Build Command:"/usr/bin/make" "cmTC_a01a7/fast"
/usr/bin/make -f CMakeFiles/cmTC_a01a7.dir/build.make CMakeFiles/cmTC_a01a7.dir/build
make[1]: ingresso nella directory "/home/davide/Scrivania/Ciber/Elaborato_2.1/Ros_pA/OpenIGTLink/build/CMakeFiles/CMakeTmp"
Building C object CMakeFiles/cmTC_a01a7.dir/CheckFunctionExists.c.o
/usr/bin/cc   -DCHECK_FUNCTION_EXISTS=pthread_create   -o CMakeFiles/cmTC_a01a7.dir/CheckFunctionExists.c.o   -c /usr/share/cmake-3.10/Modules/CheckFunctionExists.c
Linking C executable cmTC_a01a7
/usr/bin/cmake -E cmake_link_script CMakeFiles/cmTC_a01a7.dir/link.txt --verbose=1
/usr/bin/cc  -DCHECK_FUNCTION_EXISTS=pthread_create    -rdynamic CMakeFiles/cmTC_a01a7.dir/CheckFunctionExists.c.o  -o cmTC_a01a7 -lpthread 
make[1]: uscita dalla directory "/home/davide/Scrivania/Ciber/Elaborato_2.1/Ros_pA/OpenIGTLink/build/CMakeFiles/CMakeTmp"


Performing C++ SOURCE FILE Test OpenIGTLink_GNUCXX_TREE_VECTORIZE_SUPPORT succeeded with the following output:
Change Dir: /home/davide/Scrivania/Ciber/Elaborato_2.1/Ros_pA/OpenIGTLink/build/CMakeFiles/CMakeTmp

Run Build Command:"/usr/bin/make" "cmTC_d0519/fast"
/usr/bin/make -f CMakeFiles/cmTC_d0519.dir/build.make CMakeFiles/cmTC_d0519.dir/build
make[1]: Entering directory '/home/davide/Scrivania/Ciber/Elaborato_2.1/Ros_pA/OpenIGTLink/build/CMakeFiles/CMakeTmp'
Building CXX object CMakeFiles/cmTC_d0519.dir/src.cxx.o
/usr/bin/c++    -DOpenIGTLink_GNUCXX_TREE_VECTORIZE_SUPPORT   -fno-tree-vectorize -o CMakeFiles/cmTC_d0519.dir/src.cxx.o -c /home/davide/Scrivania/Ciber/Elaborato_2.1/Ros_pA/OpenIGTLink/build/CMakeFiles/CMakeTmp/src.cxx
Linking CXX executable cmTC_d0519
/usr/bin/cmake -E cmake_link_script CMakeFiles/cmTC_d0519.dir/link.txt --verbose=1
/usr/bin/c++   -DOpenIGTLink_GNUCXX_TREE_VECTORIZE_SUPPORT    -rdynamic CMakeFiles/cmTC_d0519.dir/src.cxx.o  -o cmTC_d0519 
make[1]: Leaving directory '/home/davide/Scrivania/Ciber/Elaborato_2.1/Ros_pA/OpenIGTLink/build/CMakeFiles/CMakeTmp'

Source file was:
int main() { return 0; }
Determining if getsockname accepts socklen_t type  passed with the following output:
Change Dir: /home/davide/Scrivania/Ciber/Elaborato_2.1/Ros_pA/OpenIGTLink/build/CMakeTmp/SocklenT/CMakeFiles/CMakeTmp

Run Build Command:"/usr/bin/make" "cmTC_1b6a9/fast"
/usr/bin/make -f CMakeFiles/cmTC_1b6a9.dir/build.make CMakeFiles/cmTC_1b6a9.dir/build
make[1]: ingresso nella directory "/home/davide/Scrivania/Ciber/Elaborato_2.1/Ros_pA/OpenIGTLink/build/CMakeTmp/SocklenT/CMakeFiles/CMakeTmp"
Building CXX object CMakeFiles/cmTC_1b6a9.dir/igtlTestSocklenT.cxx.o
/usr/bin/c++     -o CMakeFiles/cmTC_1b6a9.dir/igtlTestSocklenT.cxx.o -c /home/davide/Scrivania/Ciber/Elaborato_2.1/Ros_pA/OpenIGTLink/CMake/igtlTestSocklenT.cxx
Linking CXX executable cmTC_1b6a9
/usr/bin/cmake -E cmake_link_script CMakeFiles/cmTC_1b6a9.dir/link.txt --verbose=1
/usr/bin/c++       -rdynamic CMakeFiles/cmTC_1b6a9.dir/igtlTestSocklenT.cxx.o  -o cmTC_1b6a9 
make[1]: uscita dalla directory "/home/davide/Scrivania/Ciber/Elaborato_2.1/Ros_pA/OpenIGTLink/build/CMakeTmp/SocklenT/CMakeFiles/CMakeTmp"


Determining if the function strnlen exists passed with the following output:
Change Dir: /home/davide/Scrivania/Ciber/Elaborato_2.1/Ros_pA/OpenIGTLink/build/CMakeFiles/CMakeTmp

Run Build Command:"/usr/bin/make" "cmTC_06098/fast"
/usr/bin/make -f CMakeFiles/cmTC_06098.dir/build.make CMakeFiles/cmTC_06098.dir/build
make[1]: ingresso nella directory "/home/davide/Scrivania/Ciber/Elaborato_2.1/Ros_pA/OpenIGTLink/build/CMakeFiles/CMakeTmp"
Building C object CMakeFiles/cmTC_06098.dir/CheckFunctionExists.c.o
/usr/bin/cc   -DCHECK_FUNCTION_EXISTS=strnlen   -o CMakeFiles/cmTC_06098.dir/CheckFunctionExists.c.o   -c /usr/share/cmake-3.10/Modules/CheckFunctionExists.c
Linking C executable cmTC_06098
/usr/bin/cmake -E cmake_link_script CMakeFiles/cmTC_06098.dir/link.txt --verbose=1
/usr/bin/cc  -DCHECK_FUNCTION_EXISTS=strnlen    -rdynamic CMakeFiles/cmTC_06098.dir/CheckFunctionExists.c.o  -o cmTC_06098 
make[1]: uscita dalla directory "/home/davide/Scrivania/Ciber/Elaborato_2.1/Ros_pA/OpenIGTLink/build/CMakeFiles/CMakeTmp"


Determining if the SO_REUSEADDR exist passed with the following output:
Change Dir: /home/davide/Scrivania/Ciber/Elaborato_2.1/Ros_pA/OpenIGTLink/build/CMakeFiles/CMakeTmp

Run Build Command:"/usr/bin/make" "cmTC_ad71c/fast"
/usr/bin/make -f CMakeFiles/cmTC_ad71c.dir/build.make CMakeFiles/cmTC_ad71c.dir/build
make[1]: ingresso nella directory "/home/davide/Scrivania/Ciber/Elaborato_2.1/Ros_pA/OpenIGTLink/build/CMakeFiles/CMakeTmp"
Building C object CMakeFiles/cmTC_ad71c.dir/CheckSymbolExists.c.o
/usr/bin/cc    -o CMakeFiles/cmTC_ad71c.dir/CheckSymbolExists.c.o   -c /home/davide/Scrivania/Ciber/Elaborato_2.1/Ros_pA/OpenIGTLink/build/CMakeFiles/CMakeTmp/CheckSymbolExists.c
Linking C executable cmTC_ad71c
/usr/bin/cmake -E cmake_link_script CMakeFiles/cmTC_ad71c.dir/link.txt --verbose=1
/usr/bin/cc      -rdynamic CMakeFiles/cmTC_ad71c.dir/CheckSymbolExists.c.o  -o cmTC_ad71c 
make[1]: uscita dalla directory "/home/davide/Scrivania/Ciber/Elaborato_2.1/Ros_pA/OpenIGTLink/build/CMakeFiles/CMakeTmp"

File /home/davide/Scrivania/Ciber/Elaborato_2.1/Ros_pA/OpenIGTLink/build/CMakeFiles/CMakeTmp/CheckSymbolExists.c:
/* */
#include <sys/types.h>
#include <sys/socket.h>

int main(int argc, char** argv)
{
  (void)argv;
#ifndef SO_REUSEADDR
  return ((int*)(&SO_REUSEADDR))[argc];
#else
  (void)argc;
  return 0;
#endif
}

Determining if the include file sys/types.h exists passed with the following output:
Change Dir: /home/davide/Scrivania/Ciber/Elaborato_2.1/Ros_pA/OpenIGTLink/build/CMakeFiles/CMakeTmp

Run Build Command:"/usr/bin/make" "cmTC_8facd/fast"
/usr/bin/make -f CMakeFiles/cmTC_8facd.dir/build.make CMakeFiles/cmTC_8facd.dir/build
make[1]: ingresso nella directory "/home/davide/Scrivania/Ciber/Elaborato_2.1/Ros_pA/OpenIGTLink/build/CMakeFiles/CMakeTmp"
Building C object CMakeFiles/cmTC_8facd.dir/CheckIncludeFile.c.o
/usr/bin/cc    -o CMakeFiles/cmTC_8facd.dir/CheckIncludeFile.c.o   -c /home/davide/Scrivania/Ciber/Elaborato_2.1/Ros_pA/OpenIGTLink/build/CMakeFiles/CMakeTmp/CheckIncludeFile.c
Linking C executable cmTC_8facd
/usr/bin/cmake -E cmake_link_script CMakeFiles/cmTC_8facd.dir/link.txt --verbose=1
/usr/bin/cc      -rdynamic CMakeFiles/cmTC_8facd.dir/CheckIncludeFile.c.o  -o cmTC_8facd 
make[1]: uscita dalla directory "/home/davide/Scrivania/Ciber/Elaborato_2.1/Ros_pA/OpenIGTLink/build/CMakeFiles/CMakeTmp"


Determining if the include file stdint.h exists passed with the following output:
Change Dir: /home/davide/Scrivania/Ciber/Elaborato_2.1/Ros_pA/OpenIGTLink/build/CMakeFiles/CMakeTmp

Run Build Command:"/usr/bin/make" "cmTC_c30a0/fast"
/usr/bin/make -f CMakeFiles/cmTC_c30a0.dir/build.make CMakeFiles/cmTC_c30a0.dir/build
make[1]: ingresso nella directory "/home/davide/Scrivania/Ciber/Elaborato_2.1/Ros_pA/OpenIGTLink/build/CMakeFiles/CMakeTmp"
Building C object CMakeFiles/cmTC_c30a0.dir/CheckIncludeFile.c.o
/usr/bin/cc    -o CMakeFiles/cmTC_c30a0.dir/CheckIncludeFile.c.o   -c /home/davide/Scrivania/Ciber/Elaborato_2.1/Ros_pA/OpenIGTLink/build/CMakeFiles/CMakeTmp/CheckIncludeFile.c
Linking C executable cmTC_c30a0
/usr/bin/cmake -E cmake_link_script CMakeFiles/cmTC_c30a0.dir/link.txt --verbose=1
/usr/bin/cc      -rdynamic CMakeFiles/cmTC_c30a0.dir/CheckIncludeFile.c.o  -o cmTC_c30a0 
make[1]: uscita dalla directory "/home/davide/Scrivania/Ciber/Elaborato_2.1/Ros_pA/OpenIGTLink/build/CMakeFiles/CMakeTmp"


Determining if the include file stddef.h exists passed with the following output:
Change Dir: /home/davide/Scrivania/Ciber/Elaborato_2.1/Ros_pA/OpenIGTLink/build/CMakeFiles/CMakeTmp

Run Build Command:"/usr/bin/make" "cmTC_d4191/fast"
/usr/bin/make -f CMakeFiles/cmTC_d4191.dir/build.make CMakeFiles/cmTC_d4191.dir/build
make[1]: ingresso nella directory "/home/davide/Scrivania/Ciber/Elaborato_2.1/Ros_pA/OpenIGTLink/build/CMakeFiles/CMakeTmp"
Building C object CMakeFiles/cmTC_d4191.dir/CheckIncludeFile.c.o
/usr/bin/cc    -o CMakeFiles/cmTC_d4191.dir/CheckIncludeFile.c.o   -c /home/davide/Scrivania/Ciber/Elaborato_2.1/Ros_pA/OpenIGTLink/build/CMakeFiles/CMakeTmp/CheckIncludeFile.c
Linking C executable cmTC_d4191
/usr/bin/cmake -E cmake_link_script CMakeFiles/cmTC_d4191.dir/link.txt --verbose=1
/usr/bin/cc      -rdynamic CMakeFiles/cmTC_d4191.dir/CheckIncludeFile.c.o  -o cmTC_d4191 
make[1]: uscita dalla directory "/home/davide/Scrivania/Ciber/Elaborato_2.1/Ros_pA/OpenIGTLink/build/CMakeFiles/CMakeTmp"


Determining size of int passed with the following output:
Change Dir: /home/davide/Scrivania/Ciber/Elaborato_2.1/Ros_pA/OpenIGTLink/build/CMakeFiles/CMakeTmp

Run Build Command:"/usr/bin/make" "cmTC_1eba4/fast"
/usr/bin/make -f CMakeFiles/cmTC_1eba4.dir/build.make CMakeFiles/cmTC_1eba4.dir/build
make[1]: ingresso nella directory "/home/davide/Scrivania/Ciber/Elaborato_2.1/Ros_pA/OpenIGTLink/build/CMakeFiles/CMakeTmp"
Building C object CMakeFiles/cmTC_1eba4.dir/CMAKE_SIZEOF_INT.c.o
/usr/bin/cc    -o CMakeFiles/cmTC_1eba4.dir/CMAKE_SIZEOF_INT.c.o   -c /home/davide/Scrivania/Ciber/Elaborato_2.1/Ros_pA/OpenIGTLink/build/CMakeFiles/CheckTypeSize/CMAKE_SIZEOF_INT.c
Linking C executable cmTC_1eba4
/usr/bin/cmake -E cmake_link_script CMakeFiles/cmTC_1eba4.dir/link.txt --verbose=1
/usr/bin/cc      -rdynamic CMakeFiles/cmTC_1eba4.dir/CMAKE_SIZEOF_INT.c.o  -o cmTC_1eba4 
make[1]: uscita dalla directory "/home/davide/Scrivania/Ciber/Elaborato_2.1/Ros_pA/OpenIGTLink/build/CMakeFiles/CMakeTmp"


Determining size of long passed with the following output:
Change Dir: /home/davide/Scrivania/Ciber/Elaborato_2.1/Ros_pA/OpenIGTLink/build/CMakeFiles/CMakeTmp

Run Build Command:"/usr/bin/make" "cmTC_f02d0/fast"
/usr/bin/make -f CMakeFiles/cmTC_f02d0.dir/build.make CMakeFiles/cmTC_f02d0.dir/build
make[1]: ingresso nella directory "/home/davide/Scrivania/Ciber/Elaborato_2.1/Ros_pA/OpenIGTLink/build/CMakeFiles/CMakeTmp"
Building C object CMakeFiles/cmTC_f02d0.dir/CMAKE_SIZEOF_LONG.c.o
/usr/bin/cc    -o CMakeFiles/cmTC_f02d0.dir/CMAKE_SIZEOF_LONG.c.o   -c /home/davide/Scrivania/Ciber/Elaborato_2.1/Ros_pA/OpenIGTLink/build/CMakeFiles/CheckTypeSize/CMAKE_SIZEOF_LONG.c
Linking C executable cmTC_f02d0
/usr/bin/cmake -E cmake_link_script CMakeFiles/cmTC_f02d0.dir/link.txt --verbose=1
/usr/bin/cc      -rdynamic CMakeFiles/cmTC_f02d0.dir/CMAKE_SIZEOF_LONG.c.o  -o cmTC_f02d0 
make[1]: uscita dalla directory "/home/davide/Scrivania/Ciber/Elaborato_2.1/Ros_pA/OpenIGTLink/build/CMakeFiles/CMakeTmp"


Determining size of void* passed with the following output:
Change Dir: /home/davide/Scrivania/Ciber/Elaborato_2.1/Ros_pA/OpenIGTLink/build/CMakeFiles/CMakeTmp

Run Build Command:"/usr/bin/make" "cmTC_75b5f/fast"
/usr/bin/make -f CMakeFiles/cmTC_75b5f.dir/build.make CMakeFiles/cmTC_75b5f.dir/build
make[1]: ingresso nella directory "/home/davide/Scrivania/Ciber/Elaborato_2.1/Ros_pA/OpenIGTLink/build/CMakeFiles/CMakeTmp"
Building C object CMakeFiles/cmTC_75b5f.dir/CMAKE_SIZEOF_VOID_P.c.o
/usr/bin/cc    -o CMakeFiles/cmTC_75b5f.dir/CMAKE_SIZEOF_VOID_P.c.o   -c /home/davide/Scrivania/Ciber/Elaborato_2.1/Ros_pA/OpenIGTLink/build/CMakeFiles/CheckTypeSize/CMAKE_SIZEOF_VOID_P.c
Linking C executable cmTC_75b5f
/usr/bin/cmake -E cmake_link_script CMakeFiles/cmTC_75b5f.dir/link.txt --verbose=1
/usr/bin/cc      -rdynamic CMakeFiles/cmTC_75b5f.dir/CMAKE_SIZEOF_VOID_P.c.o  -o cmTC_75b5f 
make[1]: uscita dalla directory "/home/davide/Scrivania/Ciber/Elaborato_2.1/Ros_pA/OpenIGTLink/build/CMakeFiles/CMakeTmp"


Determining size of char passed with the following output:
Change Dir: /home/davide/Scrivania/Ciber/Elaborato_2.1/Ros_pA/OpenIGTLink/build/CMakeFiles/CMakeTmp

Run Build Command:"/usr/bin/make" "cmTC_afec7/fast"
/usr/bin/make -f CMakeFiles/cmTC_afec7.dir/build.make CMakeFiles/cmTC_afec7.dir/build
make[1]: ingresso nella directory "/home/davide/Scrivania/Ciber/Elaborato_2.1/Ros_pA/OpenIGTLink/build/CMakeFiles/CMakeTmp"
Building C object CMakeFiles/cmTC_afec7.dir/CMAKE_SIZEOF_CHAR.c.o
/usr/bin/cc    -o CMakeFiles/cmTC_afec7.dir/CMAKE_SIZEOF_CHAR.c.o   -c /home/davide/Scrivania/Ciber/Elaborato_2.1/Ros_pA/OpenIGTLink/build/CMakeFiles/CheckTypeSize/CMAKE_SIZEOF_CHAR.c
Linking C executable cmTC_afec7
/usr/bin/cmake -E cmake_link_script CMakeFiles/cmTC_afec7.dir/link.txt --verbose=1
/usr/bin/cc      -rdynamic CMakeFiles/cmTC_afec7.dir/CMAKE_SIZEOF_CHAR.c.o  -o cmTC_afec7 
make[1]: uscita dalla directory "/home/davide/Scrivania/Ciber/Elaborato_2.1/Ros_pA/OpenIGTLink/build/CMakeFiles/CMakeTmp"


Determining size of short passed with the following output:
Change Dir: /home/davide/Scrivania/Ciber/Elaborato_2.1/Ros_pA/OpenIGTLink/build/CMakeFiles/CMakeTmp

Run Build Command:"/usr/bin/make" "cmTC_46ddb/fast"
/usr/bin/make -f CMakeFiles/cmTC_46ddb.dir/build.make CMakeFiles/cmTC_46ddb.dir/build
make[1]: ingresso nella directory "/home/davide/Scrivania/Ciber/Elaborato_2.1/Ros_pA/OpenIGTLink/build/CMakeFiles/CMakeTmp"
Building C object CMakeFiles/cmTC_46ddb.dir/CMAKE_SIZEOF_SHORT.c.o
/usr/bin/cc    -o CMakeFiles/cmTC_46ddb.dir/CMAKE_SIZEOF_SHORT.c.o   -c /home/davide/Scrivania/Ciber/Elaborato_2.1/Ros_pA/OpenIGTLink/build/CMakeFiles/CheckTypeSize/CMAKE_SIZEOF_SHORT.c
Linking C executable cmTC_46ddb
/usr/bin/cmake -E cmake_link_script CMakeFiles/cmTC_46ddb.dir/link.txt --verbose=1
/usr/bin/cc      -rdynamic CMakeFiles/cmTC_46ddb.dir/CMAKE_SIZEOF_SHORT.c.o  -o cmTC_46ddb 
make[1]: uscita dalla directory "/home/davide/Scrivania/Ciber/Elaborato_2.1/Ros_pA/OpenIGTLink/build/CMakeFiles/CMakeTmp"


Determining size of float passed with the following output:
Change Dir: /home/davide/Scrivania/Ciber/Elaborato_2.1/Ros_pA/OpenIGTLink/build/CMakeFiles/CMakeTmp

Run Build Command:"/usr/bin/make" "cmTC_bf4be/fast"
/usr/bin/make -f CMakeFiles/cmTC_bf4be.dir/build.make CMakeFiles/cmTC_bf4be.dir/build
make[1]: ingresso nella directory "/home/davide/Scrivania/Ciber/Elaborato_2.1/Ros_pA/OpenIGTLink/build/CMakeFiles/CMakeTmp"
Building C object CMakeFiles/cmTC_bf4be.dir/CMAKE_SIZEOF_FLOAT.c.o
/usr/bin/cc    -o CMakeFiles/cmTC_bf4be.dir/CMAKE_SIZEOF_FLOAT.c.o   -c /home/davide/Scrivania/Ciber/Elaborato_2.1/Ros_pA/OpenIGTLink/build/CMakeFiles/CheckTypeSize/CMAKE_SIZEOF_FLOAT.c
Linking C executable cmTC_bf4be
/usr/bin/cmake -E cmake_link_script CMakeFiles/cmTC_bf4be.dir/link.txt --verbose=1
/usr/bin/cc      -rdynamic CMakeFiles/cmTC_bf4be.dir/CMAKE_SIZEOF_FLOAT.c.o  -o cmTC_bf4be 
make[1]: uscita dalla directory "/home/davide/Scrivania/Ciber/Elaborato_2.1/Ros_pA/OpenIGTLink/build/CMakeFiles/CMakeTmp"


Determining size of double passed with the following output:
Change Dir: /home/davide/Scrivania/Ciber/Elaborato_2.1/Ros_pA/OpenIGTLink/build/CMakeFiles/CMakeTmp

Run Build Command:"/usr/bin/make" "cmTC_898e7/fast"
/usr/bin/make -f CMakeFiles/cmTC_898e7.dir/build.make CMakeFiles/cmTC_898e7.dir/build
make[1]: ingresso nella directory "/home/davide/Scrivania/Ciber/Elaborato_2.1/Ros_pA/OpenIGTLink/build/CMakeFiles/CMakeTmp"
Building C object CMakeFiles/cmTC_898e7.dir/CMAKE_SIZEOF_DOUBLE.c.o
/usr/bin/cc    -o CMakeFiles/cmTC_898e7.dir/CMAKE_SIZEOF_DOUBLE.c.o   -c /home/davide/Scrivania/Ciber/Elaborato_2.1/Ros_pA/OpenIGTLink/build/CMakeFiles/CheckTypeSize/CMAKE_SIZEOF_DOUBLE.c
Linking C executable cmTC_898e7
/usr/bin/cmake -E cmake_link_script CMakeFiles/cmTC_898e7.dir/link.txt --verbose=1
/usr/bin/cc      -rdynamic CMakeFiles/cmTC_898e7.dir/CMAKE_SIZEOF_DOUBLE.c.o  -o cmTC_898e7 
make[1]: uscita dalla directory "/home/davide/Scrivania/Ciber/Elaborato_2.1/Ros_pA/OpenIGTLink/build/CMakeFiles/CMakeTmp"


Determining size of long long passed with the following output:
Change Dir: /home/davide/Scrivania/Ciber/Elaborato_2.1/Ros_pA/OpenIGTLink/build/CMakeFiles/CMakeTmp

Run Build Command:"/usr/bin/make" "cmTC_81cbd/fast"
/usr/bin/make -f CMakeFiles/cmTC_81cbd.dir/build.make CMakeFiles/cmTC_81cbd.dir/build
make[1]: ingresso nella directory "/home/davide/Scrivania/Ciber/Elaborato_2.1/Ros_pA/OpenIGTLink/build/CMakeFiles/CMakeTmp"
Building C object CMakeFiles/cmTC_81cbd.dir/CMAKE_SIZEOF_LONG_LONG.c.o
/usr/bin/cc    -o CMakeFiles/cmTC_81cbd.dir/CMAKE_SIZEOF_LONG_LONG.c.o   -c /home/davide/Scrivania/Ciber/Elaborato_2.1/Ros_pA/OpenIGTLink/build/CMakeFiles/CheckTypeSize/CMAKE_SIZEOF_LONG_LONG.c
Linking C executable cmTC_81cbd
/usr/bin/cmake -E cmake_link_script CMakeFiles/cmTC_81cbd.dir/link.txt --verbose=1
/usr/bin/cc      -rdynamic CMakeFiles/cmTC_81cbd.dir/CMAKE_SIZEOF_LONG_LONG.c.o  -o cmTC_81cbd 
make[1]: uscita dalla directory "/home/davide/Scrivania/Ciber/Elaborato_2.1/Ros_pA/OpenIGTLink/build/CMakeFiles/CMakeTmp"


Determining size of int64_t passed with the following output:
Change Dir: /home/davide/Scrivania/Ciber/Elaborato_2.1/Ros_pA/OpenIGTLink/build/CMakeFiles/CMakeTmp

Run Build Command:"/usr/bin/make" "cmTC_6ac25/fast"
/usr/bin/make -f CMakeFiles/cmTC_6ac25.dir/build.make CMakeFiles/cmTC_6ac25.dir/build
make[1]: ingresso nella directory "/home/davide/Scrivania/Ciber/Elaborato_2.1/Ros_pA/OpenIGTLink/build/CMakeFiles/CMakeTmp"
Building C object CMakeFiles/cmTC_6ac25.dir/CMAKE_SIZEOF_INT64_T.c.o
/usr/bin/cc    -o CMakeFiles/cmTC_6ac25.dir/CMAKE_SIZEOF_INT64_T.c.o   -c /home/davide/Scrivania/Ciber/Elaborato_2.1/Ros_pA/OpenIGTLink/build/CMakeFiles/CheckTypeSize/CMAKE_SIZEOF_INT64_T.c
Linking C executable cmTC_6ac25
/usr/bin/cmake -E cmake_link_script CMakeFiles/cmTC_6ac25.dir/link.txt --verbose=1
/usr/bin/cc      -rdynamic CMakeFiles/cmTC_6ac25.dir/CMAKE_SIZEOF_INT64_T.c.o  -o cmTC_6ac25 
make[1]: uscita dalla directory "/home/davide/Scrivania/Ciber/Elaborato_2.1/Ros_pA/OpenIGTLink/build/CMakeFiles/CMakeTmp"


